<?xml version="1.0" encoding="UTF-8"?>
<testsuite xmlns:xsi="http://www.w3.org/2001/XMLSchema-instance" xsi:noNamespaceSchemaLocation="https://maven.apache.org/surefire/maven-surefire-plugin/xsd/surefire-test-report.xsd" name="com.ascending.estate.repository.HibernateMappingTest" time="2.995" tests="3" errors="0" skipped="0" failures="0">
  <properties>
    <property name="gopherProxySet" value="false"/>
    <property name="awt.toolkit" value="sun.lwawt.macosx.LWCToolkit"/>
    <property name="file.encoding.pkg" value="sun.io"/>
    <property name="java.specification.version" value="1.8"/>
    <property name="sun.cpu.isalist" value=""/>
    <property name="sun.jnu.encoding" value="UTF-8"/>
    <property name="java.class.path" value="/Users/siyuou/IdeaProjects/housing_agents/target/test-classes:/Users/siyuou/IdeaProjects/housing_agents/target/classes:/Users/siyuou/.m2/repository/org/slf4j/slf4j-simple/1.7.26/slf4j-simple-1.7.26.jar:/Users/siyuou/.m2/repository/org/slf4j/slf4j-api/1.7.26/slf4j-api-1.7.26.jar:/Users/siyuou/.m2/repository/junit/junit/4.12/junit-4.12.jar:/Users/siyuou/.m2/repository/org/hamcrest/hamcrest-core/1.3/hamcrest-core-1.3.jar:/Users/siyuou/.m2/repository/org/postgresql/postgresql/42.2.5/postgresql-42.2.5.jar:/Users/siyuou/.m2/repository/org/hibernate/hibernate-core/5.4.3.Final/hibernate-core-5.4.3.Final.jar:/Users/siyuou/.m2/repository/org/jboss/logging/jboss-logging/3.3.2.Final/jboss-logging-3.3.2.Final.jar:/Users/siyuou/.m2/repository/javax/persistence/javax.persistence-api/2.2/javax.persistence-api-2.2.jar:/Users/siyuou/.m2/repository/org/javassist/javassist/3.24.0-GA/javassist-3.24.0-GA.jar:/Users/siyuou/.m2/repository/net/bytebuddy/byte-buddy/1.9.10/byte-buddy-1.9.10.jar:/Users/siyuou/.m2/repository/antlr/antlr/2.7.7/antlr-2.7.7.jar:/Users/siyuou/.m2/repository/org/jboss/spec/javax/transaction/jboss-transaction-api_1.2_spec/1.1.1.Final/jboss-transaction-api_1.2_spec-1.1.1.Final.jar:/Users/siyuou/.m2/repository/org/jboss/jandex/2.0.5.Final/jandex-2.0.5.Final.jar:/Users/siyuou/.m2/repository/com/fasterxml/classmate/1.3.4/classmate-1.3.4.jar:/Users/siyuou/.m2/repository/javax/activation/javax.activation-api/1.2.0/javax.activation-api-1.2.0.jar:/Users/siyuou/.m2/repository/org/dom4j/dom4j/2.1.1/dom4j-2.1.1.jar:/Users/siyuou/.m2/repository/org/hibernate/common/hibernate-commons-annotations/5.1.0.Final/hibernate-commons-annotations-5.1.0.Final.jar:/Users/siyuou/.m2/repository/javax/xml/bind/jaxb-api/2.3.1/jaxb-api-2.3.1.jar:/Users/siyuou/.m2/repository/org/glassfish/jaxb/jaxb-runtime/2.3.1/jaxb-runtime-2.3.1.jar:/Users/siyuou/.m2/repository/org/glassfish/jaxb/txw2/2.3.1/txw2-2.3.1.jar:/Users/siyuou/.m2/repository/com/sun/istack/istack-commons-runtime/3.0.7/istack-commons-runtime-3.0.7.jar:/Users/siyuou/.m2/repository/org/jvnet/staxex/stax-ex/1.8/stax-ex-1.8.jar:/Users/siyuou/.m2/repository/com/sun/xml/fastinfoset/FastInfoset/1.2.15/FastInfoset-1.2.15.jar:/Users/siyuou/.m2/repository/com/github/v-ladynev/fluent-hibernate-core/0.3.1/fluent-hibernate-core-0.3.1.jar:"/>
    <property name="java.vm.vendor" value="Oracle Corporation"/>
    <property name="sun.arch.data.model" value="64"/>
    <property name="java.vendor.url" value="http://java.oracle.com/"/>
    <property name="user.timezone" value=""/>
    <property name="java.vm.specification.version" value="1.8"/>
    <property name="os.name" value="Mac OS X"/>
    <property name="user.country" value="US"/>
    <property name="sun.java.launcher" value="SUN_STANDARD"/>
    <property name="sun.boot.library.path" value="/Library/Java/JavaVirtualMachines/jdk1.8.0_212.jdk/Contents/Home/jre/lib"/>
    <property name="sun.java.command" value="/Users/siyuou/IdeaProjects/housing_agents/target/surefire/surefirebooter7163035538898780562.jar /Users/siyuou/IdeaProjects/housing_agents/target/surefire 2019-08-05T17-32-47_634-jvmRun1 surefire4669797149116164422tmp surefire_03045125578296207497tmp"/>
    <property name="http.nonProxyHosts" value="local|*.local|169.254/16|*.169.254/16"/>
    <property name="database.user" value="admin"/>
    <property name="test" value="com.ascending.estate.repository.HibernateMappingTest"/>
    <property name="surefire.test.class.path" value="/Users/siyuou/IdeaProjects/housing_agents/target/test-classes:/Users/siyuou/IdeaProjects/housing_agents/target/classes:/Users/siyuou/.m2/repository/org/slf4j/slf4j-simple/1.7.26/slf4j-simple-1.7.26.jar:/Users/siyuou/.m2/repository/org/slf4j/slf4j-api/1.7.26/slf4j-api-1.7.26.jar:/Users/siyuou/.m2/repository/junit/junit/4.12/junit-4.12.jar:/Users/siyuou/.m2/repository/org/hamcrest/hamcrest-core/1.3/hamcrest-core-1.3.jar:/Users/siyuou/.m2/repository/org/postgresql/postgresql/42.2.5/postgresql-42.2.5.jar:/Users/siyuou/.m2/repository/org/hibernate/hibernate-core/5.4.3.Final/hibernate-core-5.4.3.Final.jar:/Users/siyuou/.m2/repository/org/jboss/logging/jboss-logging/3.3.2.Final/jboss-logging-3.3.2.Final.jar:/Users/siyuou/.m2/repository/javax/persistence/javax.persistence-api/2.2/javax.persistence-api-2.2.jar:/Users/siyuou/.m2/repository/org/javassist/javassist/3.24.0-GA/javassist-3.24.0-GA.jar:/Users/siyuou/.m2/repository/net/bytebuddy/byte-buddy/1.9.10/byte-buddy-1.9.10.jar:/Users/siyuou/.m2/repository/antlr/antlr/2.7.7/antlr-2.7.7.jar:/Users/siyuou/.m2/repository/org/jboss/spec/javax/transaction/jboss-transaction-api_1.2_spec/1.1.1.Final/jboss-transaction-api_1.2_spec-1.1.1.Final.jar:/Users/siyuou/.m2/repository/org/jboss/jandex/2.0.5.Final/jandex-2.0.5.Final.jar:/Users/siyuou/.m2/repository/com/fasterxml/classmate/1.3.4/classmate-1.3.4.jar:/Users/siyuou/.m2/repository/javax/activation/javax.activation-api/1.2.0/javax.activation-api-1.2.0.jar:/Users/siyuou/.m2/repository/org/dom4j/dom4j/2.1.1/dom4j-2.1.1.jar:/Users/siyuou/.m2/repository/org/hibernate/common/hibernate-commons-annotations/5.1.0.Final/hibernate-commons-annotations-5.1.0.Final.jar:/Users/siyuou/.m2/repository/javax/xml/bind/jaxb-api/2.3.1/jaxb-api-2.3.1.jar:/Users/siyuou/.m2/repository/org/glassfish/jaxb/jaxb-runtime/2.3.1/jaxb-runtime-2.3.1.jar:/Users/siyuou/.m2/repository/org/glassfish/jaxb/txw2/2.3.1/txw2-2.3.1.jar:/Users/siyuou/.m2/repository/com/sun/istack/istack-commons-runtime/3.0.7/istack-commons-runtime-3.0.7.jar:/Users/siyuou/.m2/repository/org/jvnet/staxex/stax-ex/1.8/stax-ex-1.8.jar:/Users/siyuou/.m2/repository/com/sun/xml/fastinfoset/FastInfoset/1.2.15/FastInfoset-1.2.15.jar:/Users/siyuou/.m2/repository/com/github/v-ladynev/fluent-hibernate-core/0.3.1/fluent-hibernate-core-0.3.1.jar:"/>
    <property name="sun.cpu.endian" value="little"/>
    <property name="database.driver" value="org.postgresql.Driver"/>
    <property name="user.home" value="/Users/siyuou"/>
    <property name="user.language" value="en"/>
    <property name="java.specification.vendor" value="Oracle Corporation"/>
    <property name="java.home" value="/Library/Java/JavaVirtualMachines/jdk1.8.0_212.jdk/Contents/Home/jre"/>
    <property name="basedir" value="/Users/siyuou/IdeaProjects/housing_agents"/>
    <property name="file.separator" value="/"/>
    <property name="line.separator" value="&#10;"/>
    <property name="java.vm.specification.vendor" value="Oracle Corporation"/>
    <property name="java.specification.name" value="Java Platform API Specification"/>
    <property name="database.password" value="1234!"/>
    <property name="java.awt.graphicsenv" value="sun.awt.CGraphicsEnvironment"/>
    <property name="database.dialect" value="org.hibernate.dialect.PostgreSQL9Dialect"/>
    <property name="surefire.real.class.path" value="/Users/siyuou/IdeaProjects/housing_agents/target/surefire/surefirebooter7163035538898780562.jar"/>
    <property name="sun.boot.class.path" value="/Library/Java/JavaVirtualMachines/jdk1.8.0_212.jdk/Contents/Home/jre/lib/resources.jar:/Library/Java/JavaVirtualMachines/jdk1.8.0_212.jdk/Contents/Home/jre/lib/rt.jar:/Library/Java/JavaVirtualMachines/jdk1.8.0_212.jdk/Contents/Home/jre/lib/sunrsasign.jar:/Library/Java/JavaVirtualMachines/jdk1.8.0_212.jdk/Contents/Home/jre/lib/jsse.jar:/Library/Java/JavaVirtualMachines/jdk1.8.0_212.jdk/Contents/Home/jre/lib/jce.jar:/Library/Java/JavaVirtualMachines/jdk1.8.0_212.jdk/Contents/Home/jre/lib/charsets.jar:/Library/Java/JavaVirtualMachines/jdk1.8.0_212.jdk/Contents/Home/jre/lib/jfr.jar:/Library/Java/JavaVirtualMachines/jdk1.8.0_212.jdk/Contents/Home/jre/classes"/>
    <property name="sun.management.compiler" value="HotSpot 64-Bit Tiered Compilers"/>
    <property name="ftp.nonProxyHosts" value="local|*.local|169.254/16|*.169.254/16"/>
    <property name="java.runtime.version" value="1.8.0_212-b10"/>
    <property name="user.name" value="siyuou"/>
    <property name="path.separator" value=":"/>
    <property name="os.version" value="10.14.5"/>
    <property name="java.endorsed.dirs" value="/Library/Java/JavaVirtualMachines/jdk1.8.0_212.jdk/Contents/Home/jre/lib/endorsed"/>
    <property name="java.runtime.name" value="Java(TM) SE Runtime Environment"/>
    <property name="file.encoding" value="UTF-8"/>
    <property name="java.vm.name" value="Java HotSpot(TM) 64-Bit Server VM"/>
    <property name="localRepository" value="/Users/siyuou/.m2/repository"/>
    <property name="java.vendor.url.bug" value="http://bugreport.sun.com/bugreport/"/>
    <property name="java.io.tmpdir" value="/var/folders/q3/6w40x4fs6ws17yb_drznt40r0000gn/T/"/>
    <property name="java.version" value="1.8.0_212"/>
    <property name="user.dir" value="/Users/siyuou/IdeaProjects/housing_agents"/>
    <property name="os.arch" value="x86_64"/>
    <property name="database.url" value="jdbc:postgresql://localhost:5432/housing_db"/>
    <property name="java.vm.specification.name" value="Java Virtual Machine Specification"/>
    <property name="java.awt.printerjob" value="sun.lwawt.macosx.CPrinterJob"/>
    <property name="sun.os.patch.level" value="unknown"/>
    <property name="java.library.path" value="/Users/siyuou/Library/Java/Extensions:/Library/Java/Extensions:/Network/Library/Java/Extensions:/System/Library/Java/Extensions:/usr/lib/java:."/>
    <property name="java.vm.info" value="mixed mode"/>
    <property name="java.vendor" value="Oracle Corporation"/>
    <property name="java.vm.version" value="25.212-b10"/>
    <property name="java.ext.dirs" value="/Users/siyuou/Library/Java/Extensions:/Library/Java/JavaVirtualMachines/jdk1.8.0_212.jdk/Contents/Home/jre/lib/ext:/Library/Java/Extensions:/Network/Library/Java/Extensions:/System/Library/Java/Extensions:/usr/lib/java"/>
    <property name="sun.io.unicode.encoding" value="UnicodeBig"/>
    <property name="java.class.version" value="52.0"/>
    <property name="socksNonProxyHosts" value="local|*.local|169.254/16|*.169.254/16"/>
  </properties>
  <testcase name="mappingAgentTest" classname="com.ascending.estate.repository.HibernateMappingTest" time="2.879"/>
  <testcase name="mappingCustomerTest" classname="com.ascending.estate.repository.HibernateMappingTest" time="0.03"/>
  <testcase name="mappingHouseTest" classname="com.ascending.estate.repository.HibernateMappingTest" time="0.019"/>
</testsuite>